[35m[1mConsolidate compiler generated dependencies of target prueba[0m
[ 50%] [32mBuilding CXX object CMakeFiles/prueba.dir/src/test.cpp.o[0m
[100%] [32m[1mLinking CXX executable prueba[0m
[100%] Built target prueba
-- Install configuration: ""
-- Installing: /home/benjamin/ros2_ws/src/visualization/install/visualization/lib/visualization/prueba
-- Set runtime path of "/home/benjamin/ros2_ws/src/visualization/install/visualization/lib/visualization/prueba" to ""
-- Installing: /home/benjamin/ros2_ws/src/visualization/install/visualization/share/ament_index/resource_index/package_run_dependencies/visualization
-- Installing: /home/benjamin/ros2_ws/src/visualization/install/visualization/share/ament_index/resource_index/parent_prefix_path/visualization
-- Installing: /home/benjamin/ros2_ws/src/visualization/install/visualization/share/visualization/environment/ament_prefix_path.sh
-- Installing: /home/benjamin/ros2_ws/src/visualization/install/visualization/share/visualization/environment/ament_prefix_path.dsv
-- Installing: /home/benjamin/ros2_ws/src/visualization/install/visualization/share/visualization/environment/path.sh
-- Installing: /home/benjamin/ros2_ws/src/visualization/install/visualization/share/visualization/environment/path.dsv
-- Installing: /home/benjamin/ros2_ws/src/visualization/install/visualization/share/visualization/local_setup.bash
-- Installing: /home/benjamin/ros2_ws/src/visualization/install/visualization/share/visualization/local_setup.sh
-- Installing: /home/benjamin/ros2_ws/src/visualization/install/visualization/share/visualization/local_setup.zsh
-- Installing: /home/benjamin/ros2_ws/src/visualization/install/visualization/share/visualization/local_setup.dsv
-- Installing: /home/benjamin/ros2_ws/src/visualization/install/visualization/share/visualization/package.dsv
-- Installing: /home/benjamin/ros2_ws/src/visualization/install/visualization/share/ament_index/resource_index/packages/visualization
-- Installing: /home/benjamin/ros2_ws/src/visualization/install/visualization/share/visualization/cmake/visualizationConfig.cmake
-- Installing: /home/benjamin/ros2_ws/src/visualization/install/visualization/share/visualization/cmake/visualizationConfig-version.cmake
-- Installing: /home/benjamin/ros2_ws/src/visualization/install/visualization/share/visualization/package.xml
