-- Found ament_cmake: 1.3.6 (/home/benjamin/ros2_humble/install/ament_cmake/share/ament_cmake/cmake)
-- Found rclcpp: 16.0.7 (/home/benjamin/ros2_humble/install/rclcpp/share/rclcpp/cmake)
-- Found rosidl_generator_c: 3.1.5 (/home/benjamin/ros2_humble/install/rosidl_generator_c/share/rosidl_generator_c/cmake)
-- Found rosidl_adapter: 3.1.5 (/home/benjamin/ros2_humble/install/rosidl_adapter/share/rosidl_adapter/cmake)
-- Found rosidl_generator_cpp: 3.1.5 (/home/benjamin/ros2_humble/install/rosidl_generator_cpp/share/rosidl_generator_cpp/cmake)
-- Using all available rosidl_typesupport_c: rosidl_typesupport_fastrtps_c;rosidl_typesupport_introspection_c
-- Using all available rosidl_typesupport_cpp: rosidl_typesupport_fastrtps_cpp;rosidl_typesupport_introspection_cpp
-- Found rmw_implementation_cmake: 6.1.1 (/home/benjamin/ros2_humble/install/rmw_implementation_cmake/share/rmw_implementation_cmake/cmake)
-- Found rmw_fastrtps_cpp: 6.2.5 (/home/benjamin/ros2_humble/install/rmw_fastrtps_cpp/share/rmw_fastrtps_cpp/cmake)
-- Using RMW implementation 'rmw_fastrtps_cpp' as default
-- Found geometry_msgs: 4.2.3 (/home/benjamin/ros2_humble/install/geometry_msgs/share/geometry_msgs/cmake)
-- Found rviz_common: 11.2.9 (/home/benjamin/ros2_humble/install/rviz_common/share/rviz_common/cmake)
-- Setting OGRE_DIR to: '/home/benjamin/ros2_humble/install/rviz_ogre_vendor/share/rviz_ogre_vendor/cmake/../../../opt/rviz_ogre_vendor/lib/OGRE/cmake'
-- Found OGRE
--   static     : OFF
--   components : HLMS;MeshLodGenerator;Overlay;Paging;Property;RTShaderSystem;Terrain;Volume
--   plugins    : Plugin_BSPSceneManager;Plugin_OctreeSceneManager;Plugin_PCZSceneManager;Plugin_ParticleFX;RenderSystem_GL;RenderSystem_GL3Plus;Codec_STBI;Codec_EXR
--   media      : /home/benjamin/ros2_humble/install/rviz_ogre_vendor/opt/rviz_ogre_vendor/share/OGRE/Media
-- OGRE_LIBRARIES: OgreHLMS;OgreMeshLodGenerator;OgreOverlay;OgrePaging;OgreProperty;OgreRTShaderSystem;OgreTerrain;OgreVolume;OgreMain
-- OGRE_LIBRARY_DIRS: /home/benjamin/ros2_humble/install/rviz_ogre_vendor/opt/rviz_ogre_vendor/lib
-- OGRE_PLUGINS: Plugin_BSPSceneManager;Plugin_OctreeSceneManager;Plugin_PCZSceneManager;Plugin_ParticleFX;RenderSystem_GL;RenderSystem_GL3Plus;Codec_STBI;Codec_EXR
-- OGRE_PLUGIN_DIR: /home/benjamin/ros2_humble/install/rviz_ogre_vendor/opt/rviz_ogre_vendor/lib/OGRE
-- rviz_ogre_vendor::OgreOverlay for IMPORTED_LOCATION_RELEASE: /home/benjamin/ros2_humble/install/rviz_ogre_vendor/opt/rviz_ogre_vendor/lib/libOgreOverlay.so
-- rviz_ogre_vendor::OgreOverlay for IMPORTED_LOCATION_DEBUG: /home/benjamin/ros2_humble/install/rviz_ogre_vendor/opt/rviz_ogre_vendor/lib/libOgreOverlay.so
-- rviz_ogre_vendor::OgreMain for IMPORTED_LOCATION_RELEASE: /home/benjamin/ros2_humble/install/rviz_ogre_vendor/opt/rviz_ogre_vendor/lib/libOgreMain.so
-- rviz_ogre_vendor::OgreMain for IMPORTED_LOCATION_DEBUG: /home/benjamin/ros2_humble/install/rviz_ogre_vendor/opt/rviz_ogre_vendor/lib/libOgreMain.so
-- rviz_ogre_vendor::RenderSystem_GL for IMPORTED_LOCATION_RELEASE: _render_system_gl_static_library_abs-NOTFOUND
-- rviz_ogre_vendor::RenderSystem_GL for IMPORTED_LOCATION_DEBUG: _render_system_gl_static_library_abs-NOTFOUND
-- library: /usr/lib/x86_64-linux-gnu/libcurl.so
-- Ensuring Eigen3 include directory is part of orocos-kdl CMake target
-- Found moveit_core: 2.5.5 (/home/benjamin/ws_moveit/install/moveit_core/share/moveit_core/cmake)
-- Found Boost: /usr/lib/x86_64-linux-gnu/cmake/Boost-1.74.0/BoostConfig.cmake (found version "1.74.0") found components: chrono date_time filesystem iostreams program_options regex serialization system thread 
-- Found parameter_traits: 0.3.6 (/opt/ros/humble/share/parameter_traits/cmake)
-- Found rclcpp_lifecycle: 16.0.7 (/home/benjamin/ros2_humble/install/rclcpp_lifecycle/share/rclcpp_lifecycle/cmake)
-- Found Boost: /usr/lib/x86_64-linux-gnu/cmake/Boost-1.74.0/BoostConfig.cmake (found version "1.74.0") found components: filesystem 
-- Found rviz_visual_tools: 4.1.4 (/opt/ros/humble/share/rviz_visual_tools/cmake)
-- Configuring done
-- Generating done
-- Build files have been written to: /home/benjamin/ros2_ws/src/visualization/build/visualization
[35m[1mConsolidate compiler generated dependencies of target prueba[0m
[ 25%] [32mBuilding CXX object CMakeFiles/sphere_publish_service.dir/src/sphere_publish_service.cpp.o[0m
[ 75%] Built target prueba
[100%] [32m[1mLinking CXX executable sphere_publish_service[0m
[100%] Built target sphere_publish_service
-- Install configuration: ""
-- Up-to-date: /home/benjamin/ros2_ws/src/visualization/install/visualization/lib/visualization/prueba
-- Installing: /home/benjamin/ros2_ws/src/visualization/install/visualization/lib/visualization/sphere_publish_service
-- Set runtime path of "/home/benjamin/ros2_ws/src/visualization/install/visualization/lib/visualization/sphere_publish_service" to ""
-- Up-to-date: /home/benjamin/ros2_ws/src/visualization/install/visualization/share/ament_index/resource_index/package_run_dependencies/visualization
-- Installing: /home/benjamin/ros2_ws/src/visualization/install/visualization/share/ament_index/resource_index/parent_prefix_path/visualization
-- Installing: /home/benjamin/ros2_ws/src/visualization/install/visualization/share/visualization/environment/ament_prefix_path.dsv
-- Installing: /home/benjamin/ros2_ws/src/visualization/install/visualization/share/visualization/environment/path.dsv
-- Up-to-date: /home/benjamin/ros2_ws/src/visualization/install/visualization/share/visualization/local_setup.bash
-- Up-to-date: /home/benjamin/ros2_ws/src/visualization/install/visualization/share/visualization/local_setup.sh
-- Up-to-date: /home/benjamin/ros2_ws/src/visualization/install/visualization/share/visualization/local_setup.zsh
-- Installing: /home/benjamin/ros2_ws/src/visualization/install/visualization/share/visualization/local_setup.dsv
-- Installing: /home/benjamin/ros2_ws/src/visualization/install/visualization/share/visualization/package.dsv
-- Up-to-date: /home/benjamin/ros2_ws/src/visualization/install/visualization/share/ament_index/resource_index/packages/visualization
-- Up-to-date: /home/benjamin/ros2_ws/src/visualization/install/visualization/share/visualization/cmake/visualizationConfig.cmake
-- Up-to-date: /home/benjamin/ros2_ws/src/visualization/install/visualization/share/visualization/cmake/visualizationConfig-version.cmake
-- Up-to-date: /home/benjamin/ros2_ws/src/visualization/install/visualization/share/visualization/package.xml
